1557010806518	mozrunner::runner	INFO	Running command: "/usr/bin/firefox" "-marionette" "-foreground" "-no-remote" "-profile" "/tmp/rust_mozprofile.G2D8QsDor609"
1557010806867	addons.webextension.screenshots@mozilla.org	WARN	Loading extension 'screenshots@mozilla.org': Reading manifest: Invalid extension permission: mozillaAddons
1557010806867	addons.webextension.screenshots@mozilla.org	WARN	Loading extension 'screenshots@mozilla.org': Reading manifest: Invalid extension permission: resource://pdf.js/
1557010806867	addons.webextension.screenshots@mozilla.org	WARN	Loading extension 'screenshots@mozilla.org': Reading manifest: Invalid extension permission: about:reader*
1557010808464	Marionette	INFO	Listening on port 36991
1557010808552	Marionette	WARN	TLS certificate errors will be ignored for this session

(/usr/lib/firefox/firefox:11834): dconf-WARNING **: Unable to open /var/lib/snapd/desktop/dconf/profile/user: Permission denied
[Parent 11695, Gecko_IOThread] WARNING: pipe error (81): Connection reset by peer: file /build/firefox-i2nBcb/firefox-66.0.3+build1/ipc/chromium/src/chrome/common/ipc_channel_posix.cc, line 357
[Parent 11695, Gecko_IOThread] WARNING: pipe error (78): Connection reset by peer: file /build/firefox-i2nBcb/firefox-66.0.3+build1/ipc/chromium/src/chrome/common/ipc_channel_posix.cc, line 357
1557010840229	Marionette	INFO	Stopped listening on port 36991
1557010854971	mozrunner::runner	INFO	Running command: "/usr/bin/firefox" "-marionette" "-foreground" "-no-remote" "-profile" "/tmp/rust_mozprofile.qYYfVMuIIWVp"
1557010855289	addons.webextension.screenshots@mozilla.org	WARN	Loading extension 'screenshots@mozilla.org': Reading manifest: Invalid extension permission: mozillaAddons
1557010855289	addons.webextension.screenshots@mozilla.org	WARN	Loading extension 'screenshots@mozilla.org': Reading manifest: Invalid extension permission: resource://pdf.js/
1557010855289	addons.webextension.screenshots@mozilla.org	WARN	Loading extension 'screenshots@mozilla.org': Reading manifest: Invalid extension permission: about:reader*
1557010856612	Marionette	INFO	Listening on port 40821
1557010856683	Marionette	WARN	TLS certificate errors will be ignored for this session

(/usr/lib/firefox/firefox:12118): dconf-WARNING **: Unable to open /var/lib/snapd/desktop/dconf/profile/user: Permission denied
JavaScript error: https://baseball.fantasysports.yahoo.com/b1?.scrumb=1PxzflSMyao&guccounter=1&guce_referrer=aHR0cHM6Ly9sb2dpbi55YWhvby5jb20v&guce_referrer_sig=AQAAAJfhkZ3pzBf4TZjCynSs2T4hkBEBHEp01SdOYqMWtbEhPlwYgZDD-1V8S4ikD2SpMkKzYKIbBMiF7zWH-nivRpS6gnPl1L9fDPNpSxcS_mK4G1bTrd3SeefINEoZqM_UgbyMJNMbYZCxcY3mlV3rsB664rJX607do76-lwg3AF6E, line 2630: TypeError: YMedia.onceAfter is not a function
JavaScript warning: https://sp.yimg.com/ua/assets/js/ysf-sda.Rhmq_U0gTXFfV.js, line 71: unreachable code after return statement
console.error: BroadcastService: 
  receivedBroadcastMessage: handler for
  remote-settings/monitor_changes
  threw error:
  Message: Error: Polling for changes failed: NetworkError when attempting to fetch resource..
  Stack:
    remoteSettingsFunction/remoteSettings.pollChanges@resource://services-settings/remote-settings.js:190:13

JavaScript warning: https://sp.yimg.com/ua/assets/js/ysf-sda.Rhmq_U0gTXFfV.js, line 71: unreachable code after return statement
JavaScript warning: https://sp.yimg.com/ua/assets/js/ysf-sda.Rhmq_U0gTXFfV.js, line 71: unreachable code after return statement
JavaScript warning: https://sp.yimg.com/ua/assets/js/ysf-sda.Rhmq_U0gTXFfV.js, line 71: unreachable code after return statement
JavaScript error: https://cdn01.basis.net/116300/116299/af301993098abd6b/Other%20A%20SW%20300x250/index.html, line 16: ReferenceError: getDestinationURLBasedOnClickLocation is not defined
1557011031798	mozrunner::runner	INFO	Running command: "/usr/bin/firefox" "-marionette" "-foreground" "-no-remote" "-profile" "/tmp/rust_mozprofile.RoRUQjrcgcVJ"
1557011032137	addons.webextension.screenshots@mozilla.org	WARN	Loading extension 'screenshots@mozilla.org': Reading manifest: Invalid extension permission: mozillaAddons
1557011032138	addons.webextension.screenshots@mozilla.org	WARN	Loading extension 'screenshots@mozilla.org': Reading manifest: Invalid extension permission: resource://pdf.js/
1557011032138	addons.webextension.screenshots@mozilla.org	WARN	Loading extension 'screenshots@mozilla.org': Reading manifest: Invalid extension permission: about:reader*
1557011033834	Marionette	INFO	Listening on port 36559
1557011033932	Marionette	WARN	TLS certificate errors will be ignored for this session

(/usr/lib/firefox/firefox:12536): dconf-WARNING **: Unable to open /var/lib/snapd/desktop/dconf/profile/user: Permission denied
JavaScript error: https://baseball.fantasysports.yahoo.com/b1?.scrumb=vACBoXt.FyI&guccounter=1&guce_referrer=aHR0cHM6Ly9sb2dpbi55YWhvby5jb20v&guce_referrer_sig=AQAAALLbw_GRnkYzoZ2RFgzplWF4fUil2TYB2zSrVoUd4ZIgTsy0hcsrXR37GxObf-25DfT92MoZE22RAU9F2faxDIWqOA2KGQ6dzObvl7rcXeKGXB7oEMWUtXKIUCnczgU7fKUV7n5JQZw3o1lO6i4Z2awbiAhiiP0umqrXw_qBM_Vp, line 2635: TypeError: YMedia.onceAfter is not a function
JavaScript error: https://s0.2mdn.net/ads/richmedia/studio/pv2/60737506/20190225084616577/index.html?e=69&renderingType=2&leftOffset=0&topOffset=0&c=q5kTGpn2Jy&t=4 line 28 > scriptElement, line 163: TypeError: document.querySelector(...) is null
JavaScript error: https://s0.2mdn.net/ads/richmedia/studio/pv2/60737506/20190225084616577/index.html?e=69&renderingType=2&leftOffset=0&topOffset=0&c=q5kTGpn2Jy&t=4 line 28 > scriptElement, line 163: TypeError: document.querySelector(...) is null
JavaScript error: https://s0.2mdn.net/ads/richmedia/studio/pv2/60737506/20190225084616577/index.html?e=69&renderingType=2&leftOffset=0&topOffset=0&c=q5kTGpn2Jy&t=4 line 28 > scriptElement, line 163: TypeError: document.querySelector(...) is null
JavaScript error: https://s0.2mdn.net/ads/richmedia/studio/pv2/60737506/20190225084616577/index.html?e=69&renderingType=2&leftOffset=0&topOffset=0&c=q5kTGpn2Jy&t=4 line 28 > scriptElement, line 163: TypeError: document.querySelector(...) is null
JavaScript warning: https://sp.yimg.com/ua/assets/js/ysf-sda.Rhmq_U0gTXFfV.js, line 71: unreachable code after return statement
JavaScript warning: https://sp.yimg.com/ua/assets/js/ysf-sda.Rhmq_U0gTXFfV.js, line 71: unreachable code after return statement
[Parent 11990, Gecko_IOThread] WARNING: pipe error (78): Connection reset by peer: file /build/firefox-i2nBcb/firefox-66.0.3+build1/ipc/chromium/src/chrome/common/ipc_channel_posix.cc, line 357
1557011108382	Marionette	INFO	Stopped listening on port 40821
[Parent 12404, Gecko_IOThread] WARNING: pipe error (78): Connection reset by peer: file /build/firefox-i2nBcb/firefox-66.0.3+build1/ipc/chromium/src/chrome/common/ipc_channel_posix.cc, line 357
[Parent 12404, Gecko_IOThread] WARNING: pipe error (95): Connection reset by peer: file /build/firefox-i2nBcb/firefox-66.0.3+build1/ipc/chromium/src/chrome/common/ipc_channel_posix.cc, line 357
1557011109805	Marionette	INFO	Stopped listening on port 36559
1557011156361	mozrunner::runner	INFO	Running command: "/usr/bin/firefox" "-marionette" "-foreground" "-no-remote" "-profile" "/tmp/rust_mozprofile.scQISJW6MnCU"
1557011156667	addons.webextension.screenshots@mozilla.org	WARN	Loading extension 'screenshots@mozilla.org': Reading manifest: Invalid extension permission: mozillaAddons
1557011156668	addons.webextension.screenshots@mozilla.org	WARN	Loading extension 'screenshots@mozilla.org': Reading manifest: Invalid extension permission: resource://pdf.js/
1557011156668	addons.webextension.screenshots@mozilla.org	WARN	Loading extension 'screenshots@mozilla.org': Reading manifest: Invalid extension permission: about:reader*
1557011158077	Marionette	INFO	Listening on port 41341
1557011158178	Marionette	WARN	TLS certificate errors will be ignored for this session

(/usr/lib/firefox/firefox:13154): dconf-WARNING **: Unable to open /var/lib/snapd/desktop/dconf/profile/user: Permission denied
JavaScript error: https://baseball.fantasysports.yahoo.com/b1?.scrumb=PKbfCu%2FlZGl&guccounter=1&guce_referrer=aHR0cHM6Ly9sb2dpbi55YWhvby5jb20v&guce_referrer_sig=AQAAADDtjnc8lKQxohuYFtI-yzGeq9QaxlGPywYTr3nnQ-Q7OL5Ks7ZxK2ETXuWlPtWBG4RBysX7n1fipeY25iDucriQpXJmOz2P6yoXvHV5s6GFKDsPDj2YY1r_oAyuNykTy1Q27-CHI0tCJJFEJjOMc11OR1nQNUi4LCzzQ1XPvPFc, line 2629: TypeError: YMedia.onceAfter is not a function
JavaScript warning: https://sp.yimg.com/ua/assets/js/ysf-sda.Rhmq_U0gTXFfV.js, line 71: unreachable code after return statement
console.error: BroadcastService: 
  receivedBroadcastMessage: handler for
  remote-settings/monitor_changes
  threw error:
  Message: Error: Polling for changes failed: NetworkError when attempting to fetch resource..
  Stack:
    remoteSettingsFunction/remoteSettings.pollChanges@resource://services-settings/remote-settings.js:190:13

JavaScript warning: https://sp.yimg.com/ua/assets/js/ysf-sda.Rhmq_U0gTXFfV.js, line 71: unreachable code after return statement
JavaScript warning: https://sp.yimg.com/ua/assets/js/ysf-sda.Rhmq_U0gTXFfV.js, line 71: unreachable code after return statement
JavaScript warning: https://sp.yimg.com/ua/assets/js/ysf-sda.Rhmq_U0gTXFfV.js, line 71: unreachable code after return statement
1557011248875	Marionette	INFO	Stopped listening on port 41341

###!!! [Child][MessageChannel] Error: (msgtype=0x5F0029,name=PNecko::Msg_RemoveRequestContext) Channel closing: too late to send/recv, messages will be lost

[Parent 13020, Gecko_IOThread] WARNING: pipe error (78): Connection reset by peer: file /build/firefox-i2nBcb/firefox-66.0.3+build1/ipc/chromium/src/chrome/common/ipc_channel_posix.cc, line 357
